Determining if files sys/endian.h exist failed with the following output:
Change Dir: /home/web123/lab1/DCSA/libhv-http/make_files/CMakeFiles/CMakeTmp

Run Build Command(s):/usr/bin/gmake -f Makefile cmTC_6bf29/fast && /usr/bin/gmake  -f CMakeFiles/cmTC_6bf29.dir/build.make CMakeFiles/cmTC_6bf29.dir/build
gmake[1]: Entering directory '/home/web123/lab1/DCSA/libhv-http/make_files/CMakeFiles/CMakeTmp'
Building C object CMakeFiles/cmTC_6bf29.dir/HAVE_SYS_ENDIAN_H.c.o
/usr/bin/cc    -o CMakeFiles/cmTC_6bf29.dir/HAVE_SYS_ENDIAN_H.c.o -c /home/web123/lab1/DCSA/libhv-http/make_files/CMakeFiles/CheckIncludeFiles/HAVE_SYS_ENDIAN_H.c
/home/web123/lab1/DCSA/libhv-http/make_files/CMakeFiles/CheckIncludeFiles/HAVE_SYS_ENDIAN_H.c:2:10: fatal error: sys/endian.h: No such file or directory
    2 | #include <sys/endian.h>
      |          ^~~~~~~~~~~~~~
compilation terminated.
gmake[1]: *** [CMakeFiles/cmTC_6bf29.dir/build.make:78: CMakeFiles/cmTC_6bf29.dir/HAVE_SYS_ENDIAN_H.c.o] Error 1
gmake[1]: Leaving directory '/home/web123/lab1/DCSA/libhv-http/make_files/CMakeFiles/CMakeTmp'
gmake: *** [Makefile:127: cmTC_6bf29/fast] Error 2


Source:
/* */
#include <sys/endian.h>


int main(void){return 0;}

Determining if the gettid exist failed with the following output:
Change Dir: /home/web123/lab1/DCSA/libhv-http/make_files/CMakeFiles/CMakeTmp

Run Build Command(s):/usr/bin/gmake -f Makefile cmTC_57c3b/fast && /usr/bin/gmake  -f CMakeFiles/cmTC_57c3b.dir/build.make CMakeFiles/cmTC_57c3b.dir/build
gmake[1]: Entering directory '/home/web123/lab1/DCSA/libhv-http/make_files/CMakeFiles/CMakeTmp'
Building C object CMakeFiles/cmTC_57c3b.dir/CheckSymbolExists.c.o
/usr/bin/cc    -o CMakeFiles/cmTC_57c3b.dir/CheckSymbolExists.c.o -c /home/web123/lab1/DCSA/libhv-http/make_files/CMakeFiles/CMakeTmp/CheckSymbolExists.c
/home/web123/lab1/DCSA/libhv-http/make_files/CMakeFiles/CMakeTmp/CheckSymbolExists.c: In function ‘main’:
/home/web123/lab1/DCSA/libhv-http/make_files/CMakeFiles/CMakeTmp/CheckSymbolExists.c:8:19: error: ‘gettid’ undeclared (first use in this function); did you mean ‘getgid’?
    8 |   return ((int*)(&gettid))[argc];
      |                   ^~~~~~
      |                   getgid
/home/web123/lab1/DCSA/libhv-http/make_files/CMakeFiles/CMakeTmp/CheckSymbolExists.c:8:19: note: each undeclared identifier is reported only once for each function it appears in
gmake[1]: *** [CMakeFiles/cmTC_57c3b.dir/build.make:78: CMakeFiles/cmTC_57c3b.dir/CheckSymbolExists.c.o] Error 1
gmake[1]: Leaving directory '/home/web123/lab1/DCSA/libhv-http/make_files/CMakeFiles/CMakeTmp'
gmake: *** [Makefile:127: cmTC_57c3b/fast] Error 2


File /home/web123/lab1/DCSA/libhv-http/make_files/CMakeFiles/CMakeTmp/CheckSymbolExists.c:
/* */
#include <unistd.h>

int main(int argc, char** argv)
{
  (void)argv;
#ifndef gettid
  return ((int*)(&gettid))[argc];
#else
  (void)argc;
  return 0;
#endif
}
Determining if the strlcpy exist failed with the following output:
Change Dir: /home/web123/lab1/DCSA/libhv-http/make_files/CMakeFiles/CMakeTmp

Run Build Command(s):/usr/bin/gmake -f Makefile cmTC_4c4b0/fast && /usr/bin/gmake  -f CMakeFiles/cmTC_4c4b0.dir/build.make CMakeFiles/cmTC_4c4b0.dir/build
gmake[1]: Entering directory '/home/web123/lab1/DCSA/libhv-http/make_files/CMakeFiles/CMakeTmp'
Building C object CMakeFiles/cmTC_4c4b0.dir/CheckSymbolExists.c.o
/usr/bin/cc    -o CMakeFiles/cmTC_4c4b0.dir/CheckSymbolExists.c.o -c /home/web123/lab1/DCSA/libhv-http/make_files/CMakeFiles/CMakeTmp/CheckSymbolExists.c
/home/web123/lab1/DCSA/libhv-http/make_files/CMakeFiles/CMakeTmp/CheckSymbolExists.c: In function ‘main’:
/home/web123/lab1/DCSA/libhv-http/make_files/CMakeFiles/CMakeTmp/CheckSymbolExists.c:8:19: error: ‘strlcpy’ undeclared (first use in this function); did you mean ‘strncpy’?
    8 |   return ((int*)(&strlcpy))[argc];
      |                   ^~~~~~~
      |                   strncpy
/home/web123/lab1/DCSA/libhv-http/make_files/CMakeFiles/CMakeTmp/CheckSymbolExists.c:8:19: note: each undeclared identifier is reported only once for each function it appears in
gmake[1]: *** [CMakeFiles/cmTC_4c4b0.dir/build.make:78: CMakeFiles/cmTC_4c4b0.dir/CheckSymbolExists.c.o] Error 1
gmake[1]: Leaving directory '/home/web123/lab1/DCSA/libhv-http/make_files/CMakeFiles/CMakeTmp'
gmake: *** [Makefile:127: cmTC_4c4b0/fast] Error 2


File /home/web123/lab1/DCSA/libhv-http/make_files/CMakeFiles/CMakeTmp/CheckSymbolExists.c:
/* */
#include <string.h>

int main(int argc, char** argv)
{
  (void)argv;
#ifndef strlcpy
  return ((int*)(&strlcpy))[argc];
#else
  (void)argc;
  return 0;
#endif
}
Determining if the strlcat exist failed with the following output:
Change Dir: /home/web123/lab1/DCSA/libhv-http/make_files/CMakeFiles/CMakeTmp

Run Build Command(s):/usr/bin/gmake -f Makefile cmTC_361ac/fast && /usr/bin/gmake  -f CMakeFiles/cmTC_361ac.dir/build.make CMakeFiles/cmTC_361ac.dir/build
gmake[1]: Entering directory '/home/web123/lab1/DCSA/libhv-http/make_files/CMakeFiles/CMakeTmp'
Building C object CMakeFiles/cmTC_361ac.dir/CheckSymbolExists.c.o
/usr/bin/cc    -o CMakeFiles/cmTC_361ac.dir/CheckSymbolExists.c.o -c /home/web123/lab1/DCSA/libhv-http/make_files/CMakeFiles/CMakeTmp/CheckSymbolExists.c
/home/web123/lab1/DCSA/libhv-http/make_files/CMakeFiles/CMakeTmp/CheckSymbolExists.c: In function ‘main’:
/home/web123/lab1/DCSA/libhv-http/make_files/CMakeFiles/CMakeTmp/CheckSymbolExists.c:8:19: error: ‘strlcat’ undeclared (first use in this function); did you mean ‘strncat’?
    8 |   return ((int*)(&strlcat))[argc];
      |                   ^~~~~~~
      |                   strncat
/home/web123/lab1/DCSA/libhv-http/make_files/CMakeFiles/CMakeTmp/CheckSymbolExists.c:8:19: note: each undeclared identifier is reported only once for each function it appears in
gmake[1]: *** [CMakeFiles/cmTC_361ac.dir/build.make:78: CMakeFiles/cmTC_361ac.dir/CheckSymbolExists.c.o] Error 1
gmake[1]: Leaving directory '/home/web123/lab1/DCSA/libhv-http/make_files/CMakeFiles/CMakeTmp'
gmake: *** [Makefile:127: cmTC_361ac/fast] Error 2


File /home/web123/lab1/DCSA/libhv-http/make_files/CMakeFiles/CMakeTmp/CheckSymbolExists.c:
/* */
#include <string.h>

int main(int argc, char** argv)
{
  (void)argv;
#ifndef strlcat
  return ((int*)(&strlcat))[argc];
#else
  (void)argc;
  return 0;
#endif
}
Determining if the setproctitle exist failed with the following output:
Change Dir: /home/web123/lab1/DCSA/libhv-http/make_files/CMakeFiles/CMakeTmp

Run Build Command(s):/usr/bin/gmake -f Makefile cmTC_b14c7/fast && /usr/bin/gmake  -f CMakeFiles/cmTC_b14c7.dir/build.make CMakeFiles/cmTC_b14c7.dir/build
gmake[1]: Entering directory '/home/web123/lab1/DCSA/libhv-http/make_files/CMakeFiles/CMakeTmp'
Building C object CMakeFiles/cmTC_b14c7.dir/CheckSymbolExists.c.o
/usr/bin/cc    -o CMakeFiles/cmTC_b14c7.dir/CheckSymbolExists.c.o -c /home/web123/lab1/DCSA/libhv-http/make_files/CMakeFiles/CMakeTmp/CheckSymbolExists.c
/home/web123/lab1/DCSA/libhv-http/make_files/CMakeFiles/CMakeTmp/CheckSymbolExists.c: In function ‘main’:
/home/web123/lab1/DCSA/libhv-http/make_files/CMakeFiles/CMakeTmp/CheckSymbolExists.c:8:19: error: ‘setproctitle’ undeclared (first use in this function)
    8 |   return ((int*)(&setproctitle))[argc];
      |                   ^~~~~~~~~~~~
/home/web123/lab1/DCSA/libhv-http/make_files/CMakeFiles/CMakeTmp/CheckSymbolExists.c:8:19: note: each undeclared identifier is reported only once for each function it appears in
gmake[1]: *** [CMakeFiles/cmTC_b14c7.dir/build.make:78: CMakeFiles/cmTC_b14c7.dir/CheckSymbolExists.c.o] Error 1
gmake[1]: Leaving directory '/home/web123/lab1/DCSA/libhv-http/make_files/CMakeFiles/CMakeTmp'
gmake: *** [Makefile:127: cmTC_b14c7/fast] Error 2


File /home/web123/lab1/DCSA/libhv-http/make_files/CMakeFiles/CMakeTmp/CheckSymbolExists.c:
/* */
#include <unistd.h>

int main(int argc, char** argv)
{
  (void)argv;
#ifndef setproctitle
  return ((int*)(&setproctitle))[argc];
#else
  (void)argc;
  return 0;
#endif
}
